/*C4*/SET SCHEMA PUBLIC
DISCONNECT
/*C5*/SET SCHEMA PUBLIC
DELETE FROM AUTOR WHERE OID='4028e4cf966473460196647473370000'
COMMIT
INSERT INTO AUTOR VALUES('4028e4cf9664758a01966476f6270000','Alexander Rengifo')
COMMIT
DELETE FROM AUTOR WHERE OID='4028e4cf9664758a01966476f6270000'
COMMIT
INSERT INTO AUTOR VALUES('4028e4cf9664758a0196647bc6290001','Alexander Rengifo')
COMMIT
DELETE FROM AUTOR WHERE OID='4028e4cf9664758a0196647bc6290001'
COMMIT
INSERT INTO AUTOR VALUES('4028e4cf9664758a0196647d4b5a0002','Alexander Rengifo')
COMMIT
INSERT INTO AUTOR VALUES('4028e4cf9664758a0196647eabfe0003','J. K. Rowling')
COMMIT
INSERT INTO AUTOR VALUES('4028e4cf9664758a0196647ed5510004','Harold Robbins')
COMMIT
DELETE FROM PRODUCTO WHERE NUMERO=4
INSERT INTO PRODUCTO VALUES(4,'libro Cuidado de mis Dientitos','645BC918C0A8644F00000000198FFF06','Sin Observaciones.',18.00,'4028e4cf96644f7d019664597a600000','4028e4cf9664758a0196647d4b5a0002')
COMMIT
INSERT INTO PRODUCTO VALUES(5,'Harry Potter y la piedra filosofal','6486838DC0A8644F000000006CF73854','Sin Observaciones.',20.00,'4028e4cf96644f7d019664597a600000','4028e4cf9664758a0196647eabfe0003')
COMMIT
INSERT INTO PRODUCTO VALUES(6,'Harry Potter y el prisionero de Azkaban.','6487680AC0A8644F000000001C091368','Sin Observaciones.',20.00,'4028e4cf96644f7d019664597a600000','4028e4cf9664758a0196647eabfe0003')
COMMIT
INSERT INTO PRODUCTO VALUES(7,'Los Insaciables.','648834ABC0A8644F0000000099D88F0F','Sin Observaciones.',20.00,'4028e4cf96644f7d019664597a600000','4028e4cf9664758a0196647ed5510004')
COMMIT
INSERT INTO PRODUCTO VALUES(8,'No amar\u00e1s a un extra\u00f1o.','6488DB00C0A8644F00000000A21DD92B','Sin Observaciones.',20.00,'4028e4cf96644f7d019664597a600000','4028e4cf9664758a0196647ed5510004')
COMMIT
DELETE FROM PRODUCTO WHERE NUMERO=3
INSERT INTO PRODUCTO VALUES(3,'La culpa es de la vaca','64674429C0A8644F00000000EB591E53','Sin Observaciones.',20.00,'4028e4cf96644f7d019664597a600000','4028e4cf9664758a0196647d4b5a0002')
COMMIT
DELETE FROM PRODUCTO WHERE NUMERO=4
DELETE FROM PRODUCTO WHERE NUMERO=3
DELETE FROM AUTOR WHERE OID='4028e4cf9664758a0196647d4b5a0002'
COMMIT
